Fri Jun  3 13:49:12 EDT 2016
c11b-s8.ufhpc
/scratch/osg/bregnery/CMSSW_7_4_2/src/vHmumuGenerator
20385771.moab.ufhpc

# Conditions read from  CMS_CONDITIONS  via FrontierProd 

 *------------------------------------------------------------------------------------* 
 |                                                                                    | 
 |  *------------------------------------------------------------------------------*  | 
 |  |                                                                              |  | 
 |  |                                                                              |  | 
 |  |   PPP   Y   Y  TTTTT  H   H  III    A      Welcome to the Lund Monte Carlo!  |  | 
 |  |   P  P   Y Y     T    H   H   I    A A     This is PYTHIA version 8.205      |  | 
 |  |   PPP     Y      T    HHHHH   I   AAAAA    Last date of change: 23 Jan 2015  |  | 
 |  |   P       Y      T    H   H   I   A   A                                      |  | 
 |  |   P       Y      T    H   H  III  A   A    Now is 03 Jun 2016 at 13:51:36    |  | 
 |  |                                                                              |  | 
 |  |   Torbjorn Sjostrand;  Department of Astronomy and Theoretical Physics,      |  | 
 |  |      Lund University, Solvegatan 14A, SE-223 62 Lund, Sweden;                |  | 
 |  |      e-mail: torbjorn@thep.lu.se                                             |  | 
 |  |   Jesper Roy Christiansen;  Department of Astronomy and Theoretical Physics, |  | 
 |  |      Lund University, Solvegatan 14A, SE-223 62 Lund, Sweden;                |  | 
 |  |      e-mail: Jesper.Roy.Christiansen@thep.lu.se                              |  | 
 |  |   Nishita Desai;  Institut fuer Theoretische Physik,                         |  | 
 |  |     Universitaet Heidelberg, Philosophenweg 16, D-69120 Heidelberg, Germany; |  | 
 |  |      e-mail: Nishita.Desai@cern.ch                                           |  | 
 |  |   Philip Ilten;  Massachusetts Institute of Technology,                      |  | 
 |  |      stationed at CERN, CH-1211 Geneva 23, Switzerland;                      |  | 
 |  |      e-mail: philten@cern.ch                                                 |  | 
 |  |   Stephen Mrenna;  Computing Division, Simulations Group,                    |  | 
 |  |      Fermi National Accelerator Laboratory, MS 234, Batavia, IL 60510, USA;  |  | 
 |  |      e-mail: mrenna@fnal.gov                                                 |  | 
 |  |   Stefan Prestel;  Theoretical Physics Group,                                |  | 
 |  |      SLAC National Accelerator Laboratory, Menlo Park, CA 94025, USA;        |  | 
 |  |      e-mail: prestel@slac.stanford.edu                                       |  | 
 |  |   Christine O. Rasmussen;  Department of Astronomy and Theoretical Physics,  |  | 
 |  |      Lund University, Solvegatan 14A, SE-223 62 Lund, Sweden;                |  | 
 |  |      e-mail: christine.rasmussen@thep.lu.se                                  |  | 
 |  |   Peter Skands;  School of Physics,                                          |  | 
 |  |      Monash University, PO Box 27, 3800 Melbourne, Australia;                |  | 
 |  |      e-mail: peter.skands@monash.edu                                         |  | 
 |  |                                                                              |  | 
 |  |   The main program reference is 'An Introduction to PYTHIA 8.2',             |  | 
 |  |   T. Sjostrand et al, arXiv:1410.3012 [hep-ph]                               |  | 
 |  |                                                                              |  | 
 |  |   The main physics reference is the 'PYTHIA 6.4 Physics and Manual',         |  | 
 |  |   T. Sjostrand, S. Mrenna and P. Skands, JHEP05 (2006) 026 [hep-ph/0603175]. |  | 
 |  |                                                                              |  | 
 |  |   An archive of program versions and documentation is found on the web:      |  | 
 |  |   http://www.thep.lu.se/Pythia                                               |  | 
 |  |                                                                              |  | 
 |  |   This program is released under the GNU General Public Licence version 2.   |  | 
 |  |   Please respect the MCnet Guidelines for Event Generator Authors and Users. |  | 
 |  |                                                                              |  | 
 |  |   Disclaimer: this program comes without any guarantees.                     |  | 
 |  |   Beware of errors and use common sense when interpreting results.           |  | 
 |  |                                                                              |  | 
 |  |   Copyright (C) 2015 Torbjorn Sjostrand                                      |  | 
 |  |                                                                              |  | 
 |  |                                                                              |  | 
 |  *------------------------------------------------------------------------------*  | 
 |                                                                                    | 
 *------------------------------------------------------------------------------------* 


 *------------------------------------------------------------------------------------* 
 |                                                                                    | 
 |  *------------------------------------------------------------------------------*  | 
 |  |                                                                              |  | 
 |  |                                                                              |  | 
 |  |   PPP   Y   Y  TTTTT  H   H  III    A      Welcome to the Lund Monte Carlo!  |  | 
 |  |   P  P   Y Y     T    H   H   I    A A     This is PYTHIA version 8.205      |  | 
 |  |   PPP     Y      T    HHHHH   I   AAAAA    Last date of change: 23 Jan 2015  |  | 
 |  |   P       Y      T    H   H   I   A   A                                      |  | 
 |  |   P       Y      T    H   H  III  A   A    Now is 03 Jun 2016 at 13:51:37    |  | 
 |  |                                                                              |  | 
 |  |   Torbjorn Sjostrand;  Department of Astronomy and Theoretical Physics,      |  | 
 |  |      Lund University, Solvegatan 14A, SE-223 62 Lund, Sweden;                |  | 
 |  |      e-mail: torbjorn@thep.lu.se                                             |  | 
 |  |   Jesper Roy Christiansen;  Department of Astronomy and Theoretical Physics, |  | 
 |  |      Lund University, Solvegatan 14A, SE-223 62 Lund, Sweden;                |  | 
 |  |      e-mail: Jesper.Roy.Christiansen@thep.lu.se                              |  | 
 |  |   Nishita Desai;  Institut fuer Theoretische Physik,                         |  | 
 |  |     Universitaet Heidelberg, Philosophenweg 16, D-69120 Heidelberg, Germany; |  | 
 |  |      e-mail: Nishita.Desai@cern.ch                                           |  | 
 |  |   Philip Ilten;  Massachusetts Institute of Technology,                      |  | 
 |  |      stationed at CERN, CH-1211 Geneva 23, Switzerland;                      |  | 
 |  |      e-mail: philten@cern.ch                                                 |  | 
 |  |   Stephen Mrenna;  Computing Division, Simulations Group,                    |  | 
 |  |      Fermi National Accelerator Laboratory, MS 234, Batavia, IL 60510, USA;  |  | 
 |  |      e-mail: mrenna@fnal.gov                                                 |  | 
 |  |   Stefan Prestel;  Theoretical Physics Group,                                |  | 
 |  |      SLAC National Accelerator Laboratory, Menlo Park, CA 94025, USA;        |  | 
 |  |      e-mail: prestel@slac.stanford.edu                                       |  | 
 |  |   Christine O. Rasmussen;  Department of Astronomy and Theoretical Physics,  |  | 
 |  |      Lund University, Solvegatan 14A, SE-223 62 Lund, Sweden;                |  | 
 |  |      e-mail: christine.rasmussen@thep.lu.se                                  |  | 
 |  |   Peter Skands;  School of Physics,                                          |  | 
 |  |      Monash University, PO Box 27, 3800 Melbourne, Australia;                |  | 
 |  |      e-mail: peter.skands@monash.edu                                         |  | 
 |  |                                                                              |  | 
 |  |   The main program reference is 'An Introduction to PYTHIA 8.2',             |  | 
 |  |   T. Sjostrand et al, arXiv:1410.3012 [hep-ph]                               |  | 
 |  |                                                                              |  | 
 |  |   The main physics reference is the 'PYTHIA 6.4 Physics and Manual',         |  | 
 |  |   T. Sjostrand, S. Mrenna and P. Skands, JHEP05 (2006) 026 [hep-ph/0603175]. |  | 
 |  |                                                                              |  | 
 |  |   An archive of program versions and documentation is found on the web:      |  | 
 |  |   http://www.thep.lu.se/Pythia                                               |  | 
 |  |                                                                              |  | 
 |  |   This program is released under the GNU General Public Licence version 2.   |  | 
 |  |   Please respect the MCnet Guidelines for Event Generator Authors and Users. |  | 
 |  |                                                                              |  | 
 |  |   Disclaimer: this program comes without any guarantees.                     |  | 
 |  |   Beware of errors and use common sense when interpreting results.           |  | 
 |  |                                                                              |  | 
 |  |   Copyright (C) 2015 Torbjorn Sjostrand                                      |  | 
 |  |                                                                              |  | 
 |  |                                                                              |  | 
 |  *------------------------------------------------------------------------------*  | 
 |                                                                                    | 
 *------------------------------------------------------------------------------------* 

disableME1a = 0

 *-------  PYTHIA Process Initialization  --------------------------*
 |                                                                  |
 | We collide p+ with p+ at a CM energy of 1.300e+04 GeV            |
 |                                                                  |
 |------------------------------------------------------------------|
 |                                                    |             |
 | Subprocess                                    Code |   Estimated |
 |                                                    |    max (mb) |
 |                                                    |             |
 |------------------------------------------------------------------|
 |                                                    |             |
 | f fbar -> H0 W+- (SM)                          905 |   1.795e-12 |
 |                                                                  |
 *-------  End PYTHIA Process Initialization -----------------------*

 *-------  PYTHIA Multiparton Interactions Initialization  ---------* 
 |                                                                  | 
 |                   sigmaNonDiffractive =   56.79 mb               | 
 |                                                                  | 
 |    pT0 =  2.81 gives sigmaInteraction =  268.10 mb: accepted     | 
 |                                                                  | 
 *-------  End PYTHIA Multiparton Interactions Initialization  -----* 

 *-------  PYTHIA Flag + Mode + Parm + Word + FVec + MVec + PVec Settings (changes only)  -------------------------* 
 |                                                                                                                 | 
 | Name                                          |                      Now |      Default         Min         Max | 
 |                                               |                          |                                      | 
 | Beams:eCM                                     |                13000.000 |    14000.000    10.00000             | 
 | Check:epTolErr                                |                0.0100000 |   1.0000e-04                         | 
 | HiggsSM:ffbar2HW                              |                       on |          off                         | 
 | Main:timesAllowErrors                         |                    10000 |           10           0             | 
 | MultipartonInteractions:ecmPow                |                  0.25208 |      0.21500         0.0     0.50000 | 
 | MultipartonInteractions:expPow                |                  1.60000 |      1.85000     0.40000    10.00000 | 
 | MultipartonInteractions:pT0Ref                |                  2.40240 |      2.28000     0.50000    10.00000 | 
 | Next:numberShowEvent                          |                        0 |            1           0             | 
 | ParticleDecays:allowPhotonRadiation           |                       on |          off                         | 
 | ParticleDecays:limitTau0                      |                       on |          off                         | 
 | SLHA:minMassSM                                |                 1000.000 |    100.00000                         | 
 | Tune:preferLHAPDF                             |                        2 |            1           0           2 | 
 |                                                                                                                 | 
 *-------  End PYTHIA Flag + Mode + Parm + Word + FVec + MVec + PVec Settings  ------------------------------------* 

 --------  PYTHIA Particle Data Table (changed only)  ------------------------------------------------------------------------------
 
      id   name            antiName         spn chg col      m0        mWidth      mMin       mMax       tau0    res dec ext vis wid
             no onMode   bRatio   meMode     products 

      24  W+               W-                 3   3   0   80.40000    2.09269   10.00000    0.00000  0.00000e+00   1   1   0   1   0
              0     1   0.3205223    0       -1        2 
              1     1   0.0174225    0       -1        4 
              2     1   0.0174459    0       -3        2 
              3     1   0.3197804    0       -3        4 
              4     1   0.0000053    0       -5        2 
              5     1   0.0005987    0       -5        4 
              6     1   0.1081015    0      -11       12 
              7     1   0.1081012    0      -13       14 
              8     1   0.1080223    0      -15       16 

      25  h0                                  1   0   0  125.09000    0.00409  124.88536  125.29464  0.00000e+00   1   1   0   0   0
              0     0   0.0000009    0        1       -1 
              1     0   0.0000002    0        2       -2 
              2     0   0.0002159    0        3       -3 
              3     0   0.0287904    0        4       -4 
              4     0   0.5757162    0        5       -5 
              5     0   0.0000000    0        6       -6 
              6     0   0.0000000    0       11      -11 
              7     1   0.0002181    0       13      -13 
              8     0   0.0627357    0       15      -15 
              9     0   0.0849937    0       21       21 
             10     0   0.0022969    0       22       22 
             11     0   0.0016236    0       22       23 
             12     0   0.0264177    0       23       23 
             13     0   0.2169907    0       24      -24 
             14     0   0.0000000  103  1000022  1000022 
             15     0   0.0000000  103  1000023  1000022 
             16     0   0.0000000  103  1000023  1000023 
             17     0   0.0000000  103  1000025  1000022 
             18     0   0.0000000  103  1000025  1000023 
             19     0   0.0000000  103  1000025  1000025 
             20     0   0.0000000  103  1000035  1000022 
             21     0   0.0000000  103  1000035  1000023 
             22     0   0.0000000  103  1000035  1000025 
             23     0   0.0000000  103  1000035  1000035 
             24     0   0.0000000  103  1000024 -1000024 
             25     0   0.0000000  103  1000024 -1000037 
             26     0   0.0000000  103  1000037 -1000024 
             27     0   0.0000000  103  1000037 -1000037 
             28     0   0.0000000  103  1000001 -1000001 
             29     0   0.0000000  103  2000001 -2000001 
             30     0   0.0000000  103  1000001 -2000001 
             31     0   0.0000000  103 -1000001  2000001 
             32     0   0.0000000  103  1000002 -1000002 
             33     0   0.0000000  103  2000002 -2000002 
             34     0   0.0000000  103  1000002 -2000002 
             35     0   0.0000000  103 -1000002  2000002 
             36     0   0.0000000  103  1000003 -1000003 
             37     0   0.0000000  103  2000003 -2000003 
             38     0   0.0000000  103  1000003 -2000003 
             39     0   0.0000000  103 -1000003  2000003 
             40     0   0.0000000  103  1000004 -1000004 
             41     0   0.0000000  103  2000004 -2000004 
             42     0   0.0000000  103  1000004 -2000004 
             43     0   0.0000000  103 -1000004  2000004 
             44     0   0.0000000  103  1000005 -1000005 
             45     0   0.0000000  103  2000005 -2000005 
             46     0   0.0000000  103  1000005 -2000005 
             47     0   0.0000000  103 -1000005  2000005 
             48     0   0.0000000  103  1000006 -1000006 
             49     0   0.0000000  103  2000006 -2000006 
             50     0   0.0000000  103  1000006 -2000006 
             51     0   0.0000000  103 -1000006  2000006 
             52     0   0.0000000  103  1000011 -1000011 
             53     0   0.0000000  103  2000011 -2000011 
             54     0   0.0000000  103  1000011 -2000011 
             55     0   0.0000000  103 -1000011  2000011 
             56     0   0.0000000  103  1000012 -1000012 
             57     0   0.0000000  103  2000012 -2000012 
             58     0   0.0000000  103  1000012 -2000012 
             59     0   0.0000000  103 -1000012  2000012 
             60     0   0.0000000  103  1000013 -1000013 
             61     0   0.0000000  103  2000013 -2000013 
             62     0   0.0000000  103  1000013 -2000013 
             63     0   0.0000000  103 -1000013  2000013 
             64     0   0.0000000  103  1000014 -1000014 
             65     0   0.0000000  103  2000014 -2000014 
             66     0   0.0000000  103  1000014 -2000014 
             67     0   0.0000000  103 -1000014  2000014 
             68     0   0.0000000  103  1000015 -1000015 
             69     0   0.0000000  103  2000015 -2000015 
             70     0   0.0000000  103  1000015 -2000015 
             71     0   0.0000000  103 -1000015  2000015 
             72     0   0.0000000  103  1000016 -1000016 
             73     0   0.0000000  103  2000016 -2000016 
             74     0   0.0000000  103  1000016 -2000016 
             75     0   0.0000000  103 -1000016  2000016 

 --------  End PYTHIA Particle Data Table  -----------------------------------------------------------------------------------------


 *-------  PYTHIA Flag + Mode + Parm + Word + FVec + MVec + PVec Settings (changes only)  -------------------------* 
 |                                                                                                                 | 
 | Name                                          |                      Now |      Default         Min         Max | 
 |                                               |                          |                                      | 
 | Next:numberShowEvent                          |                        0 |            1           0             | 
 | ParticleDecays:allowPhotonRadiation           |                       on |          off                         | 
 | ParticleDecays:limitTau0                      |                       on |          off                         | 
 | ProcessLevel:all                              |                      off |           on                         | 
 |                                                                                                                 | 
 *-------  End PYTHIA Flag + Mode + Parm + Word + FVec + MVec + PVec Settings  ------------------------------------* 

 --------  PYTHIA Particle Data Table (changed only)  ------------------------------------------------------------------------------
 
      id   name            antiName         spn chg col      m0        mWidth      mMin       mMax       tau0    res dec ext vis wid
             no onMode   bRatio   meMode     products 

 no particle data has been changed from its default value 

 --------  End PYTHIA Particle Data Table  -----------------------------------------------------------------------------------------


 --------  PYTHIA Info Listing  ---------------------------------------- 
 
 Beam A: id =   2212, pz =  6.500e+03, e =  6.500e+03, m =  9.383e-01.
 Beam B: id =   2212, pz = -6.500e+03, e =  6.500e+03, m =  9.383e-01.

 In 1: id =    3, x =  9.457e-02, pdf =  4.821e-02 at Q2 =  8.818e+04.
 In 2: id =   -4, x =  5.517e-03, pdf =  4.992e-01 at same Q2.

 Subprocess f fbar -> H0 W+- (SM) with code 905 is 2 -> 2.
 It has sHat =  8.818e+04,    tHat = -1.306e+04,    uHat = -5.302e+04,
       pTHat =  8.189e+01,   m3Hat =  1.251e+02,   m4Hat =  8.031e+01,
    thetaHat =  8.829e-01,  phiHat =  4.538e+00.
     alphaEM =  7.924e-03,  alphaS =  1.102e-01    at Q2 =  8.818e+04.

 Impact parameter b =  1.219e+00 gives enhancement factor =  2.524e-01.
 Max pT scale for MPI =  1.300e+04, ISR =  1.300e+04, FSR =  1.300e+04.
 Number of MPI =     1, ISR =     3, FSRproc =     7, FSRreson =     9.

 --------  End PYTHIA Info Listing  ------------------------------------

 --------  PYTHIA Event Listing  (hard process)  -----------------------------------------------------------------------------------
 
    no        id   name            status     mothers   daughters     colours      p_x        p_y        p_z         e          m 
     0        90   (system)           -11     0     0     0     0     0     0      0.000      0.000      0.000  13000.000  13000.000
     1      2212   (p+)               -12     0     0     3     0     0     0      0.000      0.000   6500.000   6500.000      0.938
     2      2212   (p+)               -12     0     0     4     0     0     0      0.000      0.000  -6500.000   6500.000      0.938
     3         3   (s)                -21     1     0     5     6   101     0      0.000      0.000    614.727    614.727      0.000
     4        -4   (cbar)             -21     2     0     5     6     0   101      0.000      0.000    -35.860     35.860      0.000
     5        25   (h0)               -22     3     4     7     8     0     0    -14.185    -80.656    467.068    490.415    125.090
     6       -24   (W-)               -22     3     4     9    10     0     0     14.185     80.656    111.800    160.172     80.308
     7        13   mu-                 23     5     0     0     0     0     0     -3.288      6.410     -5.939      9.338      0.106
     8       -13   mu+                 23     5     0     0     0     0     0    -10.897    -87.066    473.007    481.077      0.106
     9         1   d                   23     6     0     0     0   102     0     23.561     24.399     94.759    100.647      0.330
    10        -2   ubar                23     6     0     0     0     0   102     -9.376     56.257     17.041     59.525      0.330
                                   Charge sum: -1.000           Momentum sum:      0.000      0.000    578.868    650.587    296.944

 --------  End PYTHIA Event Listing  -----------------------------------------------------------------------------------------------

 --------  PYTHIA Info Listing  ---------------------------------------- 
 
 Beam A: id =   2212, pz =  6.500e+03, e =  6.500e+03, m =  9.383e-01.
 Beam B: id =   2212, pz = -6.500e+03, e =  6.500e+03, m =  9.383e-01.

 In 1: id =    3, x =  9.457e-02, pdf =  4.821e-02 at Q2 =  8.818e+04.
 In 2: id =   -4, x =  5.517e-03, pdf =  4.992e-01 at same Q2.

 Subprocess f fbar -> H0 W+- (SM) with code 905 is 2 -> 2.
 It has sHat =  8.818e+04,    tHat = -1.306e+04,    uHat = -5.302e+04,
       pTHat =  8.189e+01,   m3Hat =  1.251e+02,   m4Hat =  8.031e+01,
    thetaHat =  8.829e-01,  phiHat =  4.538e+00.
     alphaEM =  7.924e-03,  alphaS =  1.102e-01    at Q2 =  8.818e+04.

 Impact parameter b =  1.219e+00 gives enhancement factor =  2.524e-01.
 Max pT scale for MPI =  1.300e+04, ISR =  1.300e+04, FSR =  1.300e+04.
 Number of MPI =     1, ISR =     3, FSRproc =     7, FSRreson =     9.

 --------  End PYTHIA Info Listing  ------------------------------------

 --------  PYTHIA Event Listing  (complete event)  ---------------------------------------------------------------------------------
 
    no        id   name            status     mothers   daughters     colours      p_x        p_y        p_z         e          m 
     0        90   (system)           -11     0     0     0     0     0     0      0.000      0.000      0.000  13000.000  13000.000
     1      2212   (p+)               -12     0     0    48     0     0     0      0.000      0.000   6500.000   6500.000      0.938
     2      2212   (p+)               -12     0     0    49     0     0     0      0.000      0.000  -6500.000   6500.000      0.938
     3         3   (s)                -21     7     7     5     6   101     0      0.000      0.000    614.727    614.727      0.000
     4        -4   (cbar)             -21     8     0     5     6     0   101      0.000      0.000    -35.860     35.860      0.000
     5        25   (h0)               -22     3     4     9     9     0     0    -14.185    -80.656    467.068    490.415    125.090
     6       -24   (W-)               -22     3     4    10    10     0     0     14.185     80.656    111.800    160.172     80.308
     7         3   (s)                -42    12    12     3     3   101     0      0.000      0.000    614.727    614.727      0.000
     8        21   (g)                -41    13     0    11     4   103   101     -0.000     -0.000    -51.865     51.865      0.000
     9        25   (h0)               -44     5     5    14    14     0     0    -21.809    -86.041    475.851    499.960    125.090
    10       -24   (W-)               -44     6     6    15    15     0     0     -1.611     69.500     87.953    137.906     80.308
    11         4   (c)                -43     8     0    16    16   103     0     23.420     16.540     -0.943     28.727      1.500
    12         3   (s)                -42    24     0     7     7   101     0      0.000     -0.000    614.727    614.727      0.000
    13        21   (g)                -41    25    25    17     8   104   101     -0.000      0.000   -243.393    243.393      0.000
    14        25   (h0)               -44     9     9    26    26     0     0    -19.773    -87.054    477.254    501.386    125.090
    15       -24   (W-)               -44    10    10    27    27     0     0      2.608     67.401     84.990    134.990     80.308
    16         4   (c)                -44    11    11    20    20   103     0     25.926     15.293      0.443     30.141      1.500
    17        21   (g)                -43    13     0    18    19   104   103     -8.760      4.360   -191.353    191.603      0.000
    18        21   (g)                -51    17     0    29    29   104   105     -1.150      9.953   -150.783    151.116      0.000
    19        21   (g)                -51    17     0    23    23   105   103     -6.794     -5.111    -40.553     41.434      0.000
    20         4   (c)                -52    16    16    21    22   103     0     25.108     14.811      0.427     29.193      1.500
    21         4   (c)                -51    20     0    28    28   106     0     25.022     11.017      0.298     27.383      1.500
    22        21   (g)                -51    20     0    31    31   103   106     -0.292      3.510     -2.126      4.114      0.000
    23        21   (g)                -52    19    19    30    30   105   103     -6.416     -4.827    -38.298     39.131      0.000
    24         3   (s)                -41    48    48    32    12   107     0     -0.000      0.000    641.050    641.050      0.000
    25        21   (g)                -42    49    49    13    13   104   101     -0.000      0.000   -243.393    243.393      0.000
    26        25   (h0)               -44    14    14    50    50     0     0    -17.904    -85.891    477.550    501.397    125.090
    27       -24   (W-)               -44    15    15    51    51     0     0      3.028     67.662     84.947    135.102     80.308
    28         4   (c)                -44    21    21    33    34   106     0     25.075     11.050      0.246     27.444      1.500
    29        21   (g)                -44    18    18    44    44   104   105     -1.149      9.953   -150.746    151.078      0.000
    30        21   (g)                -44    23    23    38    38   105   103     -6.414     -4.826    -38.268     39.101      0.000
    31        21   (g)                -44    22    22    35    35   103   106     -0.288      3.512     -2.129      4.117      0.000
    32        21   (g)                -43    24     0    56    56   107   101     -2.348     -1.461     26.057     26.203      0.000
    33         4   (c)                -51    28     0    52    52   108     0     15.316      7.055     -1.303     16.980      1.500
    34        21   (g)                -51    28     0    57    57   106   108      9.742      4.199      1.425     10.704      0.000
    35        21   (g)                -52    31    31    36    37   103   106     -0.271      3.308     -2.005      3.877      0.000
    36        21   (g)                -51    35     0    55    55   109   106      0.845      1.053     -0.402      1.409      0.000
    37        21   (g)                -51    35     0    41    41   103   109     -1.347      2.080     -2.981      3.877      0.000
    38        21   (g)                -52    30    30    39    40   105   103     -6.183     -4.652    -36.889     37.691      0.000
    39        21   (g)                -51    38     0    42    43   105   110     -4.246     -3.882    -30.014     30.561      0.000
    40        21   (g)                -51    38     0    59    59   110   103     -2.019     -0.642     -7.057      7.369      0.000
    41        21   (g)                -52    37    37    58    58   103   109     -1.265      1.953     -2.799      3.639      0.000
    42        21   (g)                -51    39     0    54    54   111   110     -4.475     -3.148    -27.460     28.000      0.000
    43        21   (g)                -51    39     0    47    47   105   111      0.195     -0.439     -7.010      7.027      0.000
    44        21   (g)                -52    29    29    45    46   104   105     -1.115      9.659   -146.289    146.612      0.000
    45        21   (g)                -51    44     0    53    53   104   112     -0.969      8.284   -134.982    135.240      0.000
    46        21   (g)                -51    44     0    61    61   112   105     -0.113      1.301    -12.486     12.554      0.000
    47        21   (g)                -52    43    43    60    60   105   111      0.162     -0.365     -5.831      5.845      0.000
    48         3   (s)                -61     1     0    24    24   107     0     -0.852     -1.419    641.047    641.049      0.000
    49        21   (g)                -61     2     0    25    25   104   101      1.846      0.239   -243.388    243.395      0.000
    50        25   (h0)               -62    26    26    67    68     0     0    -18.464    -86.962    477.330    501.393    125.090
    51       -24   (W-)               -62    27    27    69    70     0     0      3.072     67.443     85.068    135.070     80.308
    52         4   (c)                -62    33    33   129   129   108     0     15.375      7.047     -1.224     17.023      1.500
    53        21   (g)                -62    45    45   137   137   104   112      0.055      8.417   -134.971    135.233      0.000
    54        21   (g)                -62    42    42   134   134   111   110     -4.265     -3.122    -27.485     27.988      0.000
    55        21   (g)                -62    36    36   131   131   109   106      0.851      1.053     -0.397      1.411      0.000
    56        21   (g)                -62    32    32   167   167   107   101     -2.383     -1.519     26.044     26.197      0.000
    57        21   (g)                -62    34    34   130   130   106   108      9.769      4.190      1.476     10.732      0.000
    58        21   (g)                -62    41    41   132   132   103   109     -1.241      1.955     -2.801      3.634      0.000
    59        21   (g)                -62    40    40   133   133   110   103     -1.965     -0.636     -7.067      7.363      0.000
    60        21   (g)                -62    47    47   135   135   105   111      0.206     -0.360     -5.831      5.846      0.000
    61        21   (g)                -62    46    46   136   136   112   105     -0.018      1.313    -12.484     12.553      0.000
    62      2203   (uu_1)             -63     1     0   168   168     0   107      0.298      0.027   1704.759   1704.759      0.771
    63         1   (d)                -63     1     0    98   100   115     0      0.063      0.597   3849.341   3849.341      0.330
    64        -3   (sbar)             -63     1     0    98   100     0   115      0.491      0.795    304.848    304.850      0.500
    65         2   (u)                -63     2     0   166   166   101     0     -0.771     -0.073  -5293.836   5293.836      0.330
    66      2101   (ud_0)             -63     2     0   138   138     0   104     -1.075     -0.166   -962.769    962.770      0.579
    67        13   mu-                 23    50     0     0     0     0     0     -3.368      6.292     -5.748      9.165      0.106
    68       -13   mu+                 23    50     0     0     0     0     0    -15.095    -93.255    483.079    492.229      0.106
    69         1   (d)                -23    51     0    71    72   102     0     16.699     16.241     78.254     81.648      0.330
    70        -2   (ubar)             -23    51     0    73    73     0   102    -13.627     51.202      6.814     53.422      0.330
    71         1   (d)                -51    69     0    77    78   119     0     15.277     10.807     54.531     57.653      0.330
    72        21   (g)                -51    69     0    76    76   102   119      1.275      5.986     23.796     24.571      0.000
    73        -2   (ubar)             -52    70    70    74    75     0   102    -13.480     50.650      6.741     52.846      0.330
    74        -2   (ubar)             -51    73     0   111   111     0   120     -5.867     29.322      5.385     30.386      0.330
    75        21   (g)                -51    73     0    80    81   120   102     -7.598     21.404      1.659     22.773      0.000
    76        21   (g)                -52    72    72    79    79   102   119      1.259      5.910     23.493     24.258      0.000
    77         1   (d)                -51    71     0    97    97   122     0     10.639      7.551     40.956     42.985      0.330
    78        21   (g)                -51    71     0    94    94   119   122      4.704      3.563     14.797     15.930      0.000
    79        21   (g)                -52    76    76    82    82   102   119      1.194      5.603     22.270     22.995      0.000
    80        21   (g)                -51    75     0    83    84   120   123     -6.752     20.086      1.039     21.217      0.000
    81        21   (g)                -51    75     0    85    85   123   102     -0.829      1.392      0.913      1.860      0.000
    82        21   (g)                -52    79    79    88    88   102   119      1.178      5.529     21.977     22.692      0.000
    83        21   (g)                -51    80     0   110   110   120   124     -4.598     11.820      1.061     12.727      0.000
    84        21   (g)                -51    80     0    89    90   124   123     -2.304      8.517      0.143      8.825      0.000
    85        21   (g)                -52    81    81    86    87   123   102     -0.680      1.141      0.749      1.525      0.000
    86        21   (g)                -51    85     0    91    91   123   125     -0.868      1.357      1.875      2.472      0.000
    87        21   (g)                -51    85     0   106   106   125   102      0.251      0.080      0.050      0.268      0.000
    88        21   (g)                -52    82    82    92    93   102   119      1.115      5.233     20.801     21.478      0.000
    89        21   (g)                -51    84     0   109   109   124   126     -1.989      7.497     -0.179      7.758      0.000
    90        21   (g)                -51    84     0   108   108   126   123     -0.438      1.213      0.587      1.417      0.000
    91        21   (g)                -52    86    86   107   107   123   125     -0.744      1.164      1.609      2.121      0.000
    92        21   (g)                -51    88     0   105   105   102   127      0.248      2.773     12.035     12.353      0.000
    93        21   (g)                -51    88     0   104   104   127   119      1.181      2.698      9.752     10.187      0.000
    94        21   (g)                -52    78    78    95    96   119   122      4.390      3.325     13.810     14.868      0.000
    95        21   (g)                -51    94     0   103   103   119   128      0.742      0.352      3.129      3.235      0.000
    96        21   (g)                -51    94     0   102   102   128   122      7.192      5.483     24.413     26.035      0.000
    97         1   (d)                -52    77    77   101   101   122     0      7.094      5.042     27.224     28.583      0.330
    98       111   (pi0)              -83    63    64   234   235     0     0     -0.230     -0.322   1559.857   1559.857      0.135
    99      2112   n0                  83    63    64     0     0     0     0      0.718      1.031   1874.289   1874.290      0.940
   100     -3122   Lambdabar0          84    63    64     0     0     0     0      0.066      0.683    720.043    720.044      1.116
   101         1   (d)                -71    97    97   112   128   122     0      7.094      5.042     27.224     28.583      0.330
   102        21   (g)                -71    96    96   112   128   128   122      7.192      5.483     24.413     26.035      0.000
   103        21   (g)                -71    95    95   112   128   119   128      0.742      0.352      3.129      3.235      0.000
   104        21   (g)                -71    93    93   112   128   127   119      1.181      2.698      9.752     10.187      0.000
   105        21   (g)                -71    92    92   112   128   102   127      0.248      2.773     12.035     12.353      0.000
   106        21   (g)                -71    87    87   112   128   125   102      0.251      0.080      0.050      0.268      0.000
   107        21   (g)                -71    91    91   112   128   123   125     -0.744      1.164      1.609      2.121      0.000
   108        21   (g)                -71    90    90   112   128   126   123     -0.438      1.213      0.587      1.417      0.000
   109        21   (g)                -71    89    89   112   128   124   126     -1.989      7.497     -0.179      7.758      0.000
   110        21   (g)                -71    83    83   112   128   120   124     -4.598     11.820      1.061     12.727      0.000
   111        -2   (ubar)             -71    74    74   112   128     0   120     -5.867     29.322      5.385     30.386      0.330
   112       111   (pi0)              -83   101   111   236   237     0     0      2.511      1.745      8.782      9.300      0.135
   113      -213   (rho-)             -83   101   111   195   196     0     0      4.776      3.093     17.207     18.141      0.794
   114       213   (rho+)             -83   101   111   197   198     0     0      7.989      7.009     32.180     33.916      1.357
   115      -211   pi-                 83   101   111     0     0     0     0     -0.239      0.230      0.793      0.871      0.140
   116       321   K+                  83   101   111     0     0     0     0      0.140      0.972      3.957      4.106      0.494
   117      -313   (K*bar0)           -83   101   111   199   200     0     0      1.274      3.247     11.092     11.689      1.199
   118      -211   pi-                 84   101   111     0     0     0     0     -0.567      0.330      1.940      2.052      0.140
   119       213   (rho+)             -84   101   111   201   202     0     0      0.428      0.307      1.071      1.464      0.848
   120      -213   (rho-)             -84   101   111   203   204     0     0     -1.169      2.852      0.896      3.308      0.799
   121       211   pi+                 84   101   111     0     0     0     0      0.219      0.413      0.127      0.504      0.140
   122      -211   pi-                 84   101   111     0     0     0     0     -0.663      1.448      0.438      1.657      0.140
   123       223   (omega)            -84   101   111   238   240     0     0     -0.934      3.040      0.233      3.284      0.783
   124       211   pi+                 84   101   111     0     0     0     0     -1.860      5.999      1.082      6.374      0.140
   125       311   (K0)               -84   101   111   205   205     0     0     -2.468      9.141     -0.144      9.483      0.498
   126      -321   K-                  84   101   111     0     0     0     0     -1.765      5.711      1.547      6.194      0.494
   127       211   pi+                 84   101   111     0     0     0     0     -3.177     14.875      2.482     15.412      0.140
   128      -213   (rho-)             -84   101   111   206   207     0     0     -1.422      7.033      1.387      7.315      0.319
   129         4   (c)                -71    52    52   139   165   108     0     15.375      7.047     -1.224     17.023      1.500
   130        21   (g)                -71    57    57   139   165   106   108      9.769      4.190      1.476     10.732      0.000
   131        21   (g)                -71    55    55   139   165   109   106      0.851      1.053     -0.397      1.411      0.000
   132        21   (g)                -71    58    58   139   165   103   109     -1.241      1.955     -2.801      3.634      0.000
   133        21   (g)                -71    59    59   139   165   110   103     -1.965     -0.636     -7.067      7.363      0.000
   134        21   (g)                -71    54    54   139   165   111   110     -4.265     -3.122    -27.485     27.988      0.000
   135        21   (g)                -71    60    60   139   165   105   111      0.206     -0.360     -5.831      5.846      0.000
   136        21   (g)                -71    61    61   139   165   112   105     -0.018      1.313    -12.484     12.553      0.000
   137        21   (g)                -71    53    53   139   165   104   112      0.055      8.417   -134.971    135.233      0.000
   138      2101   (ud_0)             -71    66    66   139   165     0   104     -1.075     -0.166   -962.769    962.770      0.579
   139       411   (D+)               -83   129   138   241   242     0     0     12.146      5.094      0.486     13.312      1.870
   140      -211   pi-                 83   129   138     0     0     0     0      4.548      2.700     -0.684      5.335      0.140
   141       323   (K*+)              -83   129   138   208   209     0     0      3.598      1.968     -0.751      4.263      0.884
   142      -321   K-                  83   129   138     0     0     0     0      0.788      0.647      0.302      1.173      0.494
   143       331   (eta')             -83   129   138   243   244     0     0      2.297      0.629      0.182      2.573      0.957
   144       111   (pi0)              -83   129   138   245   246     0     0      0.466      0.692      0.076      0.849      0.135
   145       211   pi+                 83   129   138     0     0     0     0      0.917      0.566     -0.215      1.108      0.140
   146      -211   pi-                 83   129   138     0     0     0     0      0.180      0.092      0.178      0.304      0.140
   147       223   (omega)            -83   129   138   247   249     0     0     -0.594      0.520     -1.907      2.206      0.780
   148       211   pi+                 83   129   138     0     0     0     0      0.103     -0.354     -0.578      0.700      0.140
   149      -211   pi-                 83   129   138     0     0     0     0      0.503      0.081     -0.279      0.598      0.140
   150       323   (K*+)              -83   129   138   210   211     0     0     -0.278      0.949     -1.783      2.221      0.880
   151      -313   (K*bar0)           -84   129   138   212   213     0     0     -1.014     -0.261     -4.240      4.472      0.962
   152      -213   (rho-)             -84   129   138   214   215     0     0     -0.976     -0.096     -4.132      4.320      0.792
   153       211   pi+                 84   129   138     0     0     0     0     -0.847     -0.503     -7.296      7.364      0.140
   154       223   (omega)            -84   129   138   250   252     0     0     -0.418     -0.918     -5.892      6.024      0.743
   155      -211   pi-                 84   129   138     0     0     0     0     -0.329     -0.104     -0.615      0.719      0.140
   156       211   pi+                 84   129   138     0     0     0     0     -1.400     -0.263     -5.697      5.874      0.140
   157      -211   pi-                 84   129   138     0     0     0     0     -0.287     -0.256     -3.181      3.207      0.140
   158       111   (pi0)              -84   129   138   253   254     0     0     -0.439     -0.662     -5.883      5.938      0.135
   159       211   pi+                 84   129   138     0     0     0     0      0.079      0.096     -4.202      4.207      0.140
   160       223   (omega)            -84   129   138   255   257     0     0     -0.837      1.004    -15.059     15.136      0.790
   161       313   (K*0)              -84   129   138   216   217     0     0      1.064      3.413    -64.602     64.706      0.856
   162      -311   (Kbar0)            -84   129   138   218   218     0     0     -0.430      2.940    -46.841     46.937      0.498
   163      -211   pi-                 84   129   138     0     0     0     0     -0.471      1.694    -22.801     22.869      0.140
   164       213   (rho+)             -84   129   138   219   220     0     0      0.297     -0.069   -321.236    321.237      0.732
   165      2112   n0                  84   129   138     0     0     0     0     -0.975      0.094   -636.902    636.904      0.940
   166         2   (u)                -71    65    65   169   194   101     0     -0.771     -0.073  -5293.836   5293.836      0.330
   167        21   (g)                -71    56    56   169   194   107   101     -2.383     -1.519     26.044     26.197      0.000
   168      2203   (uu_1)             -71    62    62   169   194     0   107      0.298      0.027   1704.759   1704.759      0.771
   169       213   (rho+)             -83   166   168   221   222     0     0     -0.486      0.430  -2986.402   2986.402      0.693
   170      -211   pi-                 83   166   168     0     0     0     0     -0.342     -0.357   -270.887    270.888      0.140
   171      2212   p+                  83   166   168     0     0     0     0     -0.013     -0.619  -1270.663   1270.663      0.938
   172     -2112   nbar0               83   166   168     0     0     0     0      0.270      0.249   -488.315    488.316      0.940
   173      -211   pi-                 83   166   168     0     0     0     0     -0.161      0.592   -128.872    128.874      0.140
   174       211   pi+                 83   166   168     0     0     0     0     -0.291     -0.997    -99.538     99.544      0.140
   175      -213   (rho-)             -83   166   168   223   224     0     0      0.496      1.213    -42.313     42.339      0.719
   176       211   pi+                 83   166   168     0     0     0     0     -0.243     -0.387     -1.268      1.355      0.140
   177       111   (pi0)              -83   166   168   258   259     0     0      0.344     -0.616     -0.329      0.790      0.135
   178      -213   (rho-)             -83   166   168   225   226     0     0     -0.572      0.711     -3.399      3.650      0.968
   179       211   pi+                 83   166   168     0     0     0     0     -0.116     -0.332     -1.196      1.254      0.140
   180      -211   pi-                 84   166   168     0     0     0     0      0.374     -0.182      0.984      1.077      0.140
   181       223   (omega)            -84   166   168   260   261     0     0      0.006      0.022      2.291      2.422      0.785
   182       111   (pi0)              -84   166   168   262   263     0     0     -0.804      0.107      2.355      2.494      0.135
   183       213   (rho+)             -84   166   168   227   228     0     0     -0.128     -0.476     12.679     12.770      1.439
   184       111   (pi0)              -84   166   168   264   265     0     0     -0.272      0.078      2.329      2.350      0.135
   185      -211   pi-                 84   166   168     0     0     0     0     -0.556     -0.764      8.025      8.081      0.140
   186       211   pi+                 84   166   168     0     0     0     0      0.188     -0.104      8.127      8.131      0.140
   187      -211   pi-                 84   166   168     0     0     0     0     -0.620     -0.433     17.445     17.462      0.140
   188       211   pi+                 84   166   168     0     0     0     0      0.335      0.202     18.268     18.272      0.140
   189      -211   pi-                 84   166   168     0     0     0     0     -0.468      0.132     22.983     22.989      0.140
   190       211   pi+                 84   166   168     0     0     0     0     -0.152     -0.301     99.925     99.926      0.140
   191       221   (eta)              -84   166   168   266   268     0     0     -0.356      0.483    357.241    357.242      0.548
   192      -211   pi-                 84   166   168     0     0     0     0      0.640      0.172    149.709    149.711      0.140
   193      2214   (Delta+)           -84   166   168   229   230     0     0     -0.433     -0.084    690.259    690.260      1.303
   194       211   pi+                 84   166   168     0     0     0     0      0.504     -0.305    337.528    337.528      0.140
   195      -211   pi-                 91   113     0     0     0     0     0      3.489      1.906     12.442     13.062      0.140
   196       111   (pi0)              -91   113     0   269   270     0     0      1.287      1.187      4.765      5.078      0.135
   197       211   pi+                 91   114     0     0     0     0     0      5.349      4.607     19.316     20.566      0.140
   198       111   (pi0)              -91   114     0   271   272     0     0      2.640      2.402     12.864     13.350      0.135
   199      -311   (Kbar0)            -91   117     0   231   231     0     0      0.179      1.646      5.751      6.006      0.498
   200       111   (pi0)              -91   117     0   273   274     0     0      1.095      1.601      5.340      5.683      0.135
   201       211   pi+                 91   119     0     0     0     0     0      0.570     -0.051      0.618      0.854      0.140
   202       111   (pi0)              -91   119     0   275   276     0     0     -0.143      0.358      0.453      0.610      0.135
   203      -211   pi-                 91   120     0     0     0     0     0     -0.461      1.496      0.092      1.574      0.140
   204       111   (pi0)              -91   120     0   277   278     0     0     -0.709      1.357      0.804      1.734      0.135
   205       310   K_S0                91   125   125     0     0     0     0     -2.468      9.141     -0.144      9.483      0.498
   206      -211   pi-                 91   128     0     0     0     0     0     -0.609      2.840      0.630      2.975      0.140
   207       111   (pi0)              -91   128     0   279   280     0     0     -0.813      4.193      0.758      4.340      0.135
   208       321   K+                  91   141     0     0     0     0     0      1.244      0.737     -0.397      1.579      0.494
   209       111   (pi0)              -91   141     0   281   282     0     0      2.354      1.232     -0.354      2.684      0.135
   210       311   (K0)               -91   150     0   232   232     0     0      0.051      0.724     -1.009      1.339      0.498
   211       211   pi+                 91   150     0     0     0     0     0     -0.329      0.226     -0.774      0.882      0.140
   212      -321   K-                  91   151     0     0     0     0     0     -1.057     -0.164     -3.052      3.271      0.494
   213       211   pi+                 91   151     0     0     0     0     0      0.042     -0.098     -1.188      1.200      0.140
   214      -211   pi-                 91   152     0     0     0     0     0     -0.097      0.127     -0.236      0.317      0.140
   215       111   (pi0)              -91   152     0   283   284     0     0     -0.879     -0.224     -3.896      4.003      0.135
   216       311   (K0)               -91   161     0   233   233     0     0      0.566      2.151    -44.502     44.561      0.498
   217       111   (pi0)              -91   161     0   285   286     0     0      0.498      1.261    -20.100     20.146      0.135
   218       310   K_S0                91   162   162     0     0     0     0     -0.430      2.940    -46.841     46.937      0.498
   219       211   pi+                 91   164     0     0     0     0     0     -0.022     -0.120    -22.245     22.246      0.140
   220       111   (pi0)              -91   164     0   287   288     0     0      0.319      0.051   -298.991    298.991      0.135
   221       211   pi+                 91   169     0     0     0     0     0     -0.536      0.314  -2765.806   2765.806      0.140
   222       111   (pi0)              -91   169     0   289   290     0     0      0.050      0.116   -220.595    220.595      0.135
   223      -211   pi-                 91   175     0     0     0     0     0     -0.155      0.281     -9.960      9.966      0.140
   224       111   (pi0)              -91   175     0   291   292     0     0      0.651      0.932    -32.353     32.373      0.135
   225      -211   pi-                 91   178     0     0     0     0     0      0.185      0.311     -0.556      0.678      0.140
   226       111   (pi0)              -91   178     0   293   294     0     0     -0.757      0.400     -2.843      2.972      0.135
   227       211   pi+                 91   183     0     0     0     0     0     -0.716     -0.350      9.312      9.347      0.140
   228       111   (pi0)              -91   183     0   295   296     0     0      0.588     -0.126      3.367      3.423      0.135
   229      2212   p+                  91   193     0     0     0     0     0     -0.320      0.053    382.017    382.018      0.938
   230       111   (pi0)              -91   193     0   297   298     0     0     -0.113     -0.137    308.242    308.242      0.135
   231       310   K_S0                91   199   199     0     0     0     0      0.179      1.646      5.751      6.006      0.498
   232       130   K_L0                91   210   210     0     0     0     0      0.051      0.724     -1.009      1.339      0.498
   233       310   K_S0                91   216   216     0     0     0     0      0.566      2.151    -44.502     44.561      0.498
   234        22   gamma               91    98     0     0     0     0     0     -0.219     -0.335   1476.179   1476.179      0.000
   235        22   gamma               91    98     0     0     0     0     0     -0.010      0.013     83.677     83.677      0.000
   236        22   gamma               91   112     0     0     0     0     0      0.022      0.031      0.091      0.099      0.000
   237        22   gamma               91   112     0     0     0     0     0      2.489      1.714      8.691      9.201      0.000
   238       211   pi+                 91   123     0     0     0     0     0     -0.416      1.033     -0.154      1.133      0.140
   239      -211   pi-                 91   123     0     0     0     0     0     -0.255      1.362      0.141      1.400      0.140
   240       111   (pi0)              -91   123     0   299   300     0     0     -0.264      0.645      0.246      0.751      0.135
   241       311   (K0)               -91   139     0   301   301     0     0     11.517      5.161      0.285     12.633      0.498
   242       211   pi+                 91   139     0     0     0     0     0      0.630     -0.067      0.201      0.679      0.140
   243       113   (rho0)             -91   143     0   302   303     0     0      2.214      0.678      0.188      2.476      0.857
   244        22   gamma               91   143     0     0     0     0     0      0.083     -0.050     -0.006      0.097      0.000
   245        22   gamma               91   144     0     0     0     0     0      0.400      0.574      0.014      0.699      0.000
   246        22   gamma               91   144     0     0     0     0     0      0.067      0.118      0.062      0.150      0.000
   247       211   pi+                 91   147     0     0     0     0     0     -0.350      0.455     -1.021      1.179      0.140
   248      -211   pi-                 91   147     0     0     0     0     0     -0.184     -0.023     -0.163      0.284      0.140
   249       111   (pi0)              -91   147     0   304   305     0     0     -0.060      0.089     -0.724      0.744      0.135
   250       211   pi+                 91   154     0     0     0     0     0     -0.130     -0.051     -1.851      1.861      0.140
   251      -211   pi-                 91   154     0     0     0     0     0     -0.299     -0.721     -3.388      3.480      0.140
   252       111   (pi0)              -91   154     0   306   307     0     0      0.011     -0.145     -0.653      0.683      0.135
   253        22   gamma               91   158     0     0     0     0     0     -0.157     -0.196     -2.316      2.330      0.000
   254        22   gamma               91   158     0     0     0     0     0     -0.281     -0.466     -3.567      3.608      0.000
   255       211   pi+                 91   160     0     0     0     0     0     -0.313      0.232     -6.892      6.904      0.140
   256      -211   pi-                 91   160     0     0     0     0     0     -0.357      0.399     -3.326      3.372      0.140
   257       111   (pi0)              -91   160     0   308   309     0     0     -0.166      0.374     -4.840      4.860      0.135
   258        22   gamma               91   177     0     0     0     0     0      0.232     -0.316     -0.232      0.455      0.000
   259        22   gamma               91   177     0     0     0     0     0      0.113     -0.300     -0.097      0.335      0.000
   260       111   (pi0)              -91   181     0   310   311     0     0     -0.142     -0.171      2.092      2.108      0.135
   261        22   gamma               91   181     0     0     0     0     0      0.148      0.192      0.199      0.314      0.000
   262        22   gamma               91   182     0     0     0     0     0     -0.003     -0.005      0.001      0.006      0.000
   263        22   gamma               91   182     0     0     0     0     0     -0.801      0.111      2.353      2.488      0.000
   264        22   gamma               91   184     0     0     0     0     0      0.001     -0.022      0.215      0.216      0.000
   265        22   gamma               91   184     0     0     0     0     0     -0.273      0.100      2.114      2.134      0.000
   266       111   (pi0)              -91   191     0   312   313     0     0     -0.124      0.102    112.761    112.761      0.135
   267       111   (pi0)              -91   191     0   314   315     0     0     -0.038     -0.009     53.230     53.230      0.135
   268       111   (pi0)              -91   191     0   316   317     0     0     -0.194      0.390    191.250    191.251      0.135
   269        22   gamma               91   196     0     0     0     0     0      0.099      0.146      0.493      0.523      0.000
   270        22   gamma               91   196     0     0     0     0     0      1.188      1.042      4.272      4.555      0.000
   271        22   gamma               91   198     0     0     0     0     0      0.212      0.181      0.881      0.924      0.000
   272        22   gamma               91   198     0     0     0     0     0      2.428      2.221     11.983     12.426      0.000
   273        22   gamma               91   200     0     0     0     0     0      0.626      0.945      2.930      3.142      0.000
   274        22   gamma               91   200     0     0     0     0     0      0.469      0.656      2.410      2.541      0.000
   275        22   gamma               91   202     0     0     0     0     0     -0.156      0.309      0.335      0.481      0.000
   276        22   gamma               91   202     0     0     0     0     0      0.013      0.049      0.118      0.128      0.000
   277        22   gamma               91   204     0     0     0     0     0     -0.661      1.181      0.687      1.518      0.000
   278        22   gamma               91   204     0     0     0     0     0     -0.048      0.175      0.117      0.216      0.000
   279        22   gamma               91   207     0     0     0     0     0     -0.396      2.042      0.301      2.102      0.000
   280        22   gamma               91   207     0     0     0     0     0     -0.417      2.151      0.457      2.238      0.000
   281        22   gamma               91   209     0     0     0     0     0      0.726      0.413     -0.167      0.852      0.000
   282        22   gamma               91   209     0     0     0     0     0      1.628      0.818     -0.186      1.831      0.000
   283        22   gamma               91   215     0     0     0     0     0     -0.559     -0.108     -2.185      2.258      0.000
   284        22   gamma               91   215     0     0     0     0     0     -0.320     -0.115     -1.712      1.745      0.000
   285        22   gamma               91   217     0     0     0     0     0      0.433      0.942    -15.195     15.231      0.000
   286        22   gamma               91   217     0     0     0     0     0      0.065      0.319     -4.904      4.915      0.000
   287        22   gamma               91   220     0     0     0     0     0      0.313      0.019   -254.564    254.564      0.000
   288        22   gamma               91   220     0     0     0     0     0      0.006      0.031    -44.426     44.426      0.000
   289        22   gamma               91   222     0     0     0     0     0      0.092      0.053   -146.891    146.891      0.000
   290        22   gamma               91   222     0     0     0     0     0     -0.042      0.063    -73.704     73.704      0.000
   291        22   gamma               91   224     0     0     0     0     0      0.522      0.669    -22.957     22.973      0.000
   292        22   gamma               91   224     0     0     0     0     0      0.128      0.262     -9.396      9.401      0.000
   293        22   gamma               91   226     0     0     0     0     0     -0.189      0.135     -0.957      0.985      0.000
   294        22   gamma               91   226     0     0     0     0     0     -0.568      0.265     -1.886      1.987      0.000
   295        22   gamma               91   228     0     0     0     0     0      0.520     -0.153      2.896      2.946      0.000
   296        22   gamma               91   228     0     0     0     0     0      0.068      0.027      0.471      0.477      0.000
   297        22   gamma               91   230     0     0     0     0     0      0.012     -0.086    139.290    139.290      0.000
   298        22   gamma               91   230     0     0     0     0     0     -0.125     -0.051    168.953    168.953      0.000
   299        22   gamma               91   240     0     0     0     0     0     -0.038      0.158      0.114      0.198      0.000
   300        22   gamma               91   240     0     0     0     0     0     -0.226      0.488      0.132      0.553      0.000
   301       130   K_L0                91   241   241     0     0     0     0     11.517      5.161      0.285     12.633      0.498
   302       211   pi+                 91   243     0     0     0     0     0      1.114      0.253      0.490      1.250      0.140
   303      -211   pi-                 91   243     0     0     0     0     0      1.101      0.425     -0.302      1.226      0.140
   304        22   gamma               91   249     0     0     0     0     0      0.039      0.048     -0.192      0.202      0.000
   305        22   gamma               91   249     0     0     0     0     0     -0.099      0.041     -0.531      0.542      0.000
   306        22   gamma               91   252     0     0     0     0     0      0.017     -0.171     -0.550      0.577      0.000
   307        22   gamma               91   252     0     0     0     0     0     -0.005      0.026     -0.103      0.106      0.000
   308        22   gamma               91   257     0     0     0     0     0      0.005      0.037     -0.975      0.976      0.000
   309        22   gamma               91   257     0     0     0     0     0     -0.171      0.337     -3.865      3.884      0.000
   310        22   gamma               91   260     0     0     0     0     0     -0.051     -0.037      0.214      0.223      0.000
   311        22   gamma               91   260     0     0     0     0     0     -0.091     -0.134      1.878      1.885      0.000
   312        22   gamma               91   266     0     0     0     0     0     -0.096      0.077     40.904     40.904      0.000
   313        22   gamma               91   266     0     0     0     0     0     -0.028      0.025     71.857     71.857      0.000
   314        22   gamma               91   267     0     0     0     0     0     -0.019     -0.067     37.837     37.837      0.000
   315        22   gamma               91   267     0     0     0     0     0     -0.018      0.058     15.393     15.393      0.000
   316        22   gamma               91   268     0     0     0     0     0     -0.198      0.267    136.689    136.689      0.000
   317        22   gamma               91   268     0     0     0     0     0      0.005      0.123     54.561     54.561      0.000
                                   Charge sum:  2.000           Momentum sum:      0.000     -0.000     -0.000  13000.000  13000.000

 --------  End PYTHIA Event Listing  -----------------------------------------------------------------------------------------------
