03-Jun-2016 13:51:39 EDT  Initiating request to open file file:///cms/data/store/mc/Fall13/MinBias_TuneA2MB_13TeV-pythia8/GEN-SIM/POSTLS162_V1-v1/10000/001CB469-A91E-E311-9BFE-0025907FD24A.root
03-Jun-2016 13:51:39 EDT  Fallback request to file root://cmsxrootd.fnal.gov//store/mc/Fall13/MinBias_TuneA2MB_13TeV-pythia8/GEN-SIM/POSTLS162_V1-v1/10000/001CB469-A91E-E311-9BFE-0025907FD24A.root?tried=xrootd1.ihepa.ufl.edu,xrootd2.ihepa.ufl.edu,gridftp3.ihepa.ufl.edu,cmsio1.rc.ufl.edu,cmsio2.rc.ufl.edu,cmsio3.rc.ufl.edu,cmsio4.rc.ufl.edu,cmsio5.rc.ufl.edu,cmsio6.rc.ufl.edu,cmsio7.rc.ufl.edu,cmsio8.rc.ufl.edu,cmsio9.rc.ufl.edu,cmsio10.rc.ufl.edu
%MSG-w XrdAdaptor:  MixingModule:mix@ctor 03-Jun-2016 13:51:44 EDT pre-events
Data is served from sprace.org.br instead of original site T1_US_FNAL
%MSG
03-Jun-2016 13:51:45 EDT  Successfully opened file root://cmsxrootd.fnal.gov//store/mc/Fall13/MinBias_TuneA2MB_13TeV-pythia8/GEN-SIM/POSTLS162_V1-v1/10000/001CB469-A91E-E311-9BFE-0025907FD24A.root?tried=xrootd1.ihepa.ufl.edu,xrootd2.ihepa.ufl.edu,gridftp3.ihepa.ufl.edu,cmsio1.rc.ufl.edu,cmsio2.rc.ufl.edu,cmsio3.rc.ufl.edu,cmsio4.rc.ufl.edu,cmsio5.rc.ufl.edu,cmsio6.rc.ufl.edu,cmsio7.rc.ufl.edu,cmsio8.rc.ufl.edu,cmsio9.rc.ufl.edu,cmsio10.rc.ufl.edu
[2016-06-03 13:52:35.527262 -0400][Error  ][AsyncSock         ] [cms-xrd-global.cern.ch:1094 #0.0] Socket error while handshaking: [ERROR] Socket timeout
[2016-06-03 13:53:20.009805 -0400][Error  ][AsyncSock         ] [cms-xrd-global.cern.ch:1094 #0.0] Socket error while handshaking: [ERROR] Socket timeout
[2016-06-03 13:53:20.009957 -0400][Error  ][PostMaster        ] [cms-xrd-global.cern.ch:1094 #0] Unable to recover: [ERROR] Socket timeout.
[2016-06-03 13:53:20.010004 -0400][Error  ][XRootD            ] [cms-xrd-global.cern.ch:1094] Impossible to send message kXR_open (file: /store/mc/Fall13/MinBias_TuneA2MB_13TeV-pythia8/GEN-SIM/POSTLS162_V1-v1/10000/001CB469-A91E-E311-9BFE-0025907FD24A.root?tried=+1213cmsxrootd1.fnal.gov1213xrootd.unl.edu,osg-se.sprace.org.br, mode: 0660, flags: kXR_open_read kXR_async kXR_retstat ). Trying to recover.
[2016-06-03 13:53:20.010036 -0400][Error  ][XRootD            ] [cms-xrd-global.cern.ch:1094] Handling error while processing kXR_open (file: /store/mc/Fall13/MinBias_TuneA2MB_13TeV-pythia8/GEN-SIM/POSTLS162_V1-v1/10000/001CB469-A91E-E311-9BFE-0025907FD24A.root?tried=+1213cmsxrootd1.fnal.gov1213xrootd.unl.edu,osg-se.sprace.org.br, mode: 0660, flags: kXR_open_read kXR_async kXR_retstat ): [FATAL] Socket timeout.
[2016-06-03 13:53:21.976366 -0400][Error  ][XRootD            ] [cmsxrootd.fnal.gov:1094] Handling error while processing kXR_open (file: /store/mc/Fall13/MinBias_TuneA2MB_13TeV-pythia8/GEN-SIM/POSTLS162_V1-v1/10000/001CB469-A91E-E311-9BFE-0025907FD24A.root?tried=+1213cmsxrootd1.fnal.gov1213xrootd.unl.edu,osg-se.sprace.org.br,cms-xrd-global.cern.ch, mode: 0460, flags: kXR_open_read kXR_async kXR_retstat ): [ERROR] Error response.
%MSG-w PixelVertexProducer:  PixelVertexProducer:hltFastPVPixelVertices@ctor  03-Jun-2016 13:53:38 EDT pre-events
minimum track pT setting differs between PixelVertexProducer (1) and PVcomparer (0.1) [PVcomparer considers tracks w/ lower threshold than PixelVertexProducer does] !!!
%MSG
Begin processing the 1st record. Run 1, Event 1, LumiSection 1 at 03-Jun-2016 13:56:14.986 EDT
03-Jun-2016 13:56:29 EDT  Closed file root://cmsxrootd.fnal.gov//store/mc/Fall13/MinBias_TuneA2MB_13TeV-pythia8/GEN-SIM/POSTLS162_V1-v1/10000/001CB469-A91E-E311-9BFE-0025907FD24A.root?tried=xrootd1.ihepa.ufl.edu,xrootd2.ihepa.ufl.edu,gridftp3.ihepa.ufl.edu,cmsio1.rc.ufl.edu,cmsio2.rc.ufl.edu,cmsio3.rc.ufl.edu,cmsio4.rc.ufl.edu,cmsio5.rc.ufl.edu,cmsio6.rc.ufl.edu,cmsio7.rc.ufl.edu,cmsio8.rc.ufl.edu,cmsio9.rc.ufl.edu,cmsio10.rc.ufl.edu
03-Jun-2016 13:56:29 EDT  Initiating request to open file file:///cms/data/store/mc/Fall13/MinBias_TuneA2MB_13TeV-pythia8/GEN-SIM/POSTLS162_V1-v1/10000/021E1B53-101D-E311-886F-00145EDD7569.root
03-Jun-2016 13:56:29 EDT  Fallback request to file root://cmsxrootd.fnal.gov//store/mc/Fall13/MinBias_TuneA2MB_13TeV-pythia8/GEN-SIM/POSTLS162_V1-v1/10000/021E1B53-101D-E311-886F-00145EDD7569.root?tried=xrootd1.ihepa.ufl.edu,xrootd2.ihepa.ufl.edu,gridftp3.ihepa.ufl.edu,cmsio1.rc.ufl.edu,cmsio2.rc.ufl.edu,cmsio3.rc.ufl.edu,cmsio4.rc.ufl.edu,cmsio5.rc.ufl.edu,cmsio6.rc.ufl.edu,cmsio7.rc.ufl.edu,cmsio8.rc.ufl.edu,cmsio9.rc.ufl.edu,cmsio10.rc.ufl.edu
%MSG-w XrdAdaptor:  MixingModule:mix 03-Jun-2016 13:56:33 EDT Run: 1 Event: 1
Data is served from sprace.org.br instead of original site T1_US_FNAL
%MSG
03-Jun-2016 13:56:33 EDT  Successfully opened file root://cmsxrootd.fnal.gov//store/mc/Fall13/MinBias_TuneA2MB_13TeV-pythia8/GEN-SIM/POSTLS162_V1-v1/10000/021E1B53-101D-E311-886F-00145EDD7569.root?tried=xrootd1.ihepa.ufl.edu,xrootd2.ihepa.ufl.edu,gridftp3.ihepa.ufl.edu,cmsio1.rc.ufl.edu,cmsio2.rc.ufl.edu,cmsio3.rc.ufl.edu,cmsio4.rc.ufl.edu,cmsio5.rc.ufl.edu,cmsio6.rc.ufl.edu,cmsio7.rc.ufl.edu,cmsio8.rc.ufl.edu,cmsio9.rc.ufl.edu,cmsio10.rc.ufl.edu
[2016-06-03 13:57:30.052992 -0400][Error  ][AsyncSock         ] [eoscms.cern.ch:1094 #0.0] Socket error while handshaking: [ERROR] Socket timeout
[2016-06-03 13:58:15.462257 -0400][Error  ][AsyncSock         ] [eoscms.cern.ch:1094 #0.0] Socket error while handshaking: [ERROR] Socket timeout
[2016-06-03 13:58:15.462345 -0400][Error  ][PostMaster        ] [eoscms.cern.ch:1094 #0] Unable to recover: [ERROR] Socket timeout.
[2016-06-03 13:58:15.462360 -0400][Error  ][XRootD            ] [eoscms.cern.ch:1094] Impossible to send message kXR_open (file: /store/mc/Fall13/MinBias_TuneA2MB_13TeV-pythia8/GEN-SIM/POSTLS162_V1-v1/10000/021E1B53-101D-E311-886F-00145EDD7569.root?tried=+1213cmsxrootd1.fnal.gov1213xrootd.unl.edu,osg-se.sprace.org.br, mode: 0460, flags: kXR_open_read kXR_async kXR_retstat ). Trying to recover.
[2016-06-03 13:58:15.462374 -0400][Error  ][XRootD            ] [eoscms.cern.ch:1094] Handling error while processing kXR_open (file: /store/mc/Fall13/MinBias_TuneA2MB_13TeV-pythia8/GEN-SIM/POSTLS162_V1-v1/10000/021E1B53-101D-E311-886F-00145EDD7569.root?tried=+1213cmsxrootd1.fnal.gov1213xrootd.unl.edu,osg-se.sprace.org.br, mode: 0460, flags: kXR_open_read kXR_async kXR_retstat ): [FATAL] Socket timeout.
[2016-06-03 13:58:17.832980 -0400][Error  ][XRootD            ] [eoscms.cern.ch:1094] Handling error while processing kXR_open (file: /store/mc/Fall13/MinBias_TuneA2MB_13TeV-pythia8/GEN-SIM/POSTLS162_V1-v1/10000/021E1B53-101D-E311-886F-00145EDD7569.root?tried=+1213cmsxrootd1.fnal.gov1213xrootd.unl.edu,osg-se.sprace.org.br,eoscms.cern.ch,eoscms-srv-b1.cern.ch,llrxrd-redir.in2p3.fr, mode: 0460, flags: kXR_open_read kXR_async kXR_retstat ): [FATAL] Socket timeout.
